<?xml version="1.0" encoding="UTF-8"?>
<coverage generated="1681593808968" clover="3.2.0">
  <project timestamp="1681593808968" name="All files">
    <metrics statements="62" coveredstatements="60" conditionals="18" coveredconditionals="15" methods="21" coveredmethods="21" elements="101" coveredelements="96" complexity="0" loc="62" ncloc="62" packages="1" files="4" classes="4"/>
    <file name="comparefiles.js" path="/home/irina/Documents/2 project/backend-project-46/bin/comparefiles.js">
      <metrics statements="54" coveredstatements="54" conditionals="14" coveredconditionals="13" methods="18" coveredmethods="18"/>
      <line num="5" count="1" type="stmt"/>
      <line num="6" count="2" type="stmt"/>
      <line num="7" count="2" type="stmt"/>
      <line num="9" count="2" type="stmt"/>
      <line num="10" count="2" type="stmt"/>
      <line num="14" count="2" type="cond" truecount="1" falsecount="1"/>
      <line num="15" count="2" type="stmt"/>
      <line num="16" count="2" type="stmt"/>
      <line num="19" count="2" type="stmt"/>
      <line num="20" count="2" type="stmt"/>
      <line num="24" count="24" type="stmt"/>
      <line num="27" count="20" type="stmt"/>
      <line num="28" count="14" type="stmt"/>
      <line num="31" count="8" type="stmt"/>
      <line num="32" count="20" type="cond" truecount="4" falsecount="0"/>
      <line num="33" count="2" type="stmt"/>
      <line num="35" count="18" type="stmt"/>
      <line num="37" count="6" type="stmt"/>
      <line num="38" count="20" type="cond" truecount="4" falsecount="0"/>
      <line num="39" count="2" type="stmt"/>
      <line num="41" count="18" type="stmt"/>
      <line num="46" count="2" type="stmt"/>
      <line num="48" count="2" type="stmt"/>
      <line num="49" count="2" type="stmt"/>
      <line num="50" count="2" type="stmt"/>
      <line num="51" count="2" type="stmt"/>
      <line num="54" count="2" type="stmt"/>
      <line num="55" count="4" type="stmt"/>
      <line num="56" count="4" type="stmt"/>
      <line num="57" count="4" type="stmt"/>
      <line num="60" count="2" type="stmt"/>
      <line num="61" count="2" type="stmt"/>
      <line num="62" count="2" type="stmt"/>
      <line num="63" count="2" type="stmt"/>
      <line num="66" count="2" type="stmt"/>
      <line num="67" count="2" type="stmt"/>
      <line num="68" count="2" type="stmt"/>
      <line num="69" count="2" type="stmt"/>
      <line num="72" count="2" type="stmt"/>
      <line num="73" count="2" type="stmt"/>
      <line num="74" count="2" type="stmt"/>
      <line num="75" count="2" type="stmt"/>
      <line num="80" count="2" type="stmt"/>
      <line num="83" count="2" type="stmt"/>
      <line num="84" count="12" type="stmt"/>
      <line num="88" count="2" type="stmt"/>
      <line num="89" count="22" type="cond" truecount="2" falsecount="0"/>
      <line num="90" count="2" type="stmt"/>
      <line num="92" count="20" type="cond" truecount="2" falsecount="0"/>
      <line num="93" count="10" type="stmt"/>
      <line num="95" count="10" type="stmt"/>
      <line num="100" count="2" type="stmt"/>
      <line num="101" count="2" type="stmt"/>
      <line num="102" count="2" type="stmt"/>
    </file>
    <file name="parser.js" path="/home/irina/Documents/2 project/backend-project-46/bin/parser.js">
      <metrics statements="6" coveredstatements="4" conditionals="4" coveredconditionals="2" methods="1" coveredmethods="1"/>
      <line num="3" count="1" type="stmt"/>
      <line num="4" count="4" type="cond" truecount="2" falsecount="2"/>
      <line num="6" count="2" type="stmt"/>
      <line num="8" count="0" type="stmt"/>
      <line num="10" count="2" type="stmt"/>
      <line num="12" count="0" type="stmt"/>
    </file>
    <file name="reverse.js" path="/home/irina/Documents/2 project/backend-project-46/bin/reverse.js">
      <metrics statements="1" coveredstatements="1" conditionals="0" coveredconditionals="0" methods="1" coveredmethods="1"/>
      <line num="3" count="2" type="stmt"/>
    </file>
    <file name="sum.js" path="/home/irina/Documents/2 project/backend-project-46/bin/sum.js">
      <metrics statements="1" coveredstatements="1" conditionals="0" coveredconditionals="0" methods="1" coveredmethods="1"/>
      <line num="3" count="1" type="stmt"/>
    </file>
  </project>
</coverage>
