<?xml version="1.0" encoding="UTF-8"?>
<coverage generated="1681497837561" clover="3.2.0">
  <project timestamp="1681497837561" name="All files">
    <metrics statements="41" coveredstatements="40" conditionals="12" coveredconditionals="11" methods="17" coveredmethods="17" elements="70" coveredelements="68" complexity="0" loc="41" ncloc="41" packages="1" files="3" classes="3"/>
    <file name="comparefiles.js" path="/home/irina/Documents/2 project/backend-project-46/bin/comparefiles.js">
      <metrics statements="39" coveredstatements="38" conditionals="12" coveredconditionals="11" methods="15" coveredmethods="15"/>
      <line num="3" count="1" type="stmt"/>
      <line num="5" count="1" type="stmt"/>
      <line num="6" count="1" type="stmt"/>
      <line num="9" count="1" type="stmt"/>
      <line num="10" count="1" type="stmt"/>
      <line num="14" count="12" type="stmt"/>
      <line num="17" count="10" type="stmt"/>
      <line num="18" count="7" type="stmt"/>
      <line num="21" count="4" type="stmt"/>
      <line num="22" count="10" type="cond" truecount="4" falsecount="0"/>
      <line num="23" count="1" type="stmt"/>
      <line num="25" count="9" type="stmt"/>
      <line num="27" count="3" type="stmt"/>
      <line num="28" count="10" type="cond" truecount="4" falsecount="0"/>
      <line num="29" count="1" type="stmt"/>
      <line num="31" count="9" type="stmt"/>
      <line num="36" count="1" type="stmt"/>
      <line num="38" count="1" type="stmt"/>
      <line num="39" count="5" type="stmt"/>
      <line num="40" count="6" type="stmt"/>
      <line num="41" count="6" type="stmt"/>
      <line num="42" count="6" type="stmt"/>
      <line num="46" count="1" type="stmt"/>
      <line num="47" count="1" type="stmt"/>
      <line num="48" count="1" type="stmt"/>
      <line num="49" count="1" type="stmt"/>
      <line num="50" count="1" type="stmt"/>
      <line num="54" count="1" type="stmt"/>
      <line num="57" count="1" type="stmt"/>
      <line num="58" count="5" type="stmt"/>
      <line num="62" count="1" type="stmt"/>
      <line num="63" count="8" type="cond" truecount="1" falsecount="1"/>
      <line num="64" count="0" type="stmt"/>
      <line num="66" count="8" type="cond" truecount="2" falsecount="0"/>
      <line num="67" count="4" type="stmt"/>
      <line num="69" count="4" type="stmt"/>
      <line num="74" count="1" type="stmt"/>
      <line num="75" count="1" type="stmt"/>
      <line num="76" count="1" type="stmt"/>
    </file>
    <file name="reverse.js" path="/home/irina/Documents/2 project/backend-project-46/bin/reverse.js">
      <metrics statements="1" coveredstatements="1" conditionals="0" coveredconditionals="0" methods="1" coveredmethods="1"/>
      <line num="3" count="2" type="stmt"/>
    </file>
    <file name="sum.js" path="/home/irina/Documents/2 project/backend-project-46/bin/sum.js">
      <metrics statements="1" coveredstatements="1" conditionals="0" coveredconditionals="0" methods="1" coveredmethods="1"/>
      <line num="3" count="1" type="stmt"/>
    </file>
  </project>
</coverage>
