{"/home/irina/Documents/2 project/backend-project-46/bin/comparefiles.js": {"path":"/home/irina/Documents/2 project/backend-project-46/bin/comparefiles.js","all":false,"statementMap":{"0":{"start":{"line":1,"column":0},"end":{"line":1,"column":23}},"1":{"start":{"line":2,"column":0},"end":{"line":2,"column":25}},"2":{"start":{"line":3,"column":0},"end":{"line":3,"column":33}},"3":{"start":{"line":4,"column":0},"end":{"line":4,"column":0}},"4":{"start":{"line":5,"column":0},"end":{"line":5,"column":48}},"5":{"start":{"line":6,"column":0},"end":{"line":6,"column":65}},"6":{"start":{"line":7,"column":0},"end":{"line":7,"column":65}},"7":{"start":{"line":8,"column":0},"end":{"line":8,"column":0}},"8":{"start":{"line":9,"column":0},"end":{"line":9,"column":42}},"9":{"start":{"line":10,"column":0},"end":{"line":10,"column":42}},"10":{"start":{"line":11,"column":0},"end":{"line":11,"column":0}},"11":{"start":{"line":12,"column":0},"end":{"line":12,"column":19}},"12":{"start":{"line":13,"column":0},"end":{"line":13,"column":19}},"13":{"start":{"line":14,"column":0},"end":{"line":14,"column":28}},"14":{"start":{"line":15,"column":0},"end":{"line":15,"column":42}},"15":{"start":{"line":16,"column":0},"end":{"line":16,"column":42}},"16":{"start":{"line":17,"column":0},"end":{"line":17,"column":3}},"17":{"start":{"line":18,"column":0},"end":{"line":18,"column":37}},"18":{"start":{"line":19,"column":0},"end":{"line":19,"column":44}},"19":{"start":{"line":20,"column":0},"end":{"line":20,"column":44}},"20":{"start":{"line":21,"column":0},"end":{"line":21,"column":32}},"21":{"start":{"line":22,"column":0},"end":{"line":22,"column":0}},"22":{"start":{"line":23,"column":0},"end":{"line":23,"column":56}},"23":{"start":{"line":24,"column":0},"end":{"line":24,"column":96}},"24":{"start":{"line":25,"column":0},"end":{"line":25,"column":0}},"25":{"start":{"line":26,"column":0},"end":{"line":26,"column":35}},"26":{"start":{"line":27,"column":0},"end":{"line":27,"column":84}},"27":{"start":{"line":28,"column":0},"end":{"line":28,"column":84}},"28":{"start":{"line":29,"column":0},"end":{"line":29,"column":0}},"29":{"start":{"line":30,"column":0},"end":{"line":30,"column":33}},"30":{"start":{"line":31,"column":0},"end":{"line":31,"column":65}},"31":{"start":{"line":32,"column":0},"end":{"line":32,"column":57}},"32":{"start":{"line":33,"column":0},"end":{"line":33,"column":18}},"33":{"start":{"line":34,"column":0},"end":{"line":34,"column":5}},"34":{"start":{"line":35,"column":0},"end":{"line":35,"column":17}},"35":{"start":{"line":36,"column":0},"end":{"line":36,"column":6}},"36":{"start":{"line":37,"column":0},"end":{"line":37,"column":65}},"37":{"start":{"line":38,"column":0},"end":{"line":38,"column":57}},"38":{"start":{"line":39,"column":0},"end":{"line":39,"column":18}},"39":{"start":{"line":40,"column":0},"end":{"line":40,"column":5}},"40":{"start":{"line":41,"column":0},"end":{"line":41,"column":17}},"41":{"start":{"line":42,"column":0},"end":{"line":42,"column":6}},"42":{"start":{"line":43,"column":0},"end":{"line":43,"column":0}},"43":{"start":{"line":44,"column":0},"end":{"line":44,"column":62}},"44":{"start":{"line":45,"column":0},"end":{"line":45,"column":0}},"45":{"start":{"line":46,"column":0},"end":{"line":46,"column":17}},"46":{"start":{"line":47,"column":0},"end":{"line":47,"column":0}},"47":{"start":{"line":48,"column":0},"end":{"line":48,"column":47}},"48":{"start":{"line":49,"column":0},"end":{"line":49,"column":29}},"49":{"start":{"line":50,"column":0},"end":{"line":50,"column":51}},"50":{"start":{"line":51,"column":0},"end":{"line":51,"column":21}},"51":{"start":{"line":52,"column":0},"end":{"line":52,"column":10}},"52":{"start":{"line":53,"column":0},"end":{"line":53,"column":0}},"53":{"start":{"line":54,"column":0},"end":{"line":54,"column":41}},"54":{"start":{"line":55,"column":0},"end":{"line":55,"column":29}},"55":{"start":{"line":56,"column":0},"end":{"line":56,"column":51}},"56":{"start":{"line":57,"column":0},"end":{"line":57,"column":21}},"57":{"start":{"line":58,"column":0},"end":{"line":58,"column":10}},"58":{"start":{"line":59,"column":0},"end":{"line":59,"column":0}},"59":{"start":{"line":60,"column":0},"end":{"line":60,"column":41}},"60":{"start":{"line":61,"column":0},"end":{"line":61,"column":29}},"61":{"start":{"line":62,"column":0},"end":{"line":62,"column":51}},"62":{"start":{"line":63,"column":0},"end":{"line":63,"column":21}},"63":{"start":{"line":64,"column":0},"end":{"line":64,"column":10}},"64":{"start":{"line":65,"column":0},"end":{"line":65,"column":0}},"65":{"start":{"line":66,"column":0},"end":{"line":66,"column":41}},"66":{"start":{"line":67,"column":0},"end":{"line":67,"column":29}},"67":{"start":{"line":68,"column":0},"end":{"line":68,"column":51}},"68":{"start":{"line":69,"column":0},"end":{"line":69,"column":21}},"69":{"start":{"line":70,"column":0},"end":{"line":70,"column":10}},"70":{"start":{"line":71,"column":0},"end":{"line":71,"column":0}},"71":{"start":{"line":72,"column":0},"end":{"line":72,"column":41}},"72":{"start":{"line":73,"column":0},"end":{"line":73,"column":29}},"73":{"start":{"line":74,"column":0},"end":{"line":74,"column":51}},"74":{"start":{"line":75,"column":0},"end":{"line":75,"column":21}},"75":{"start":{"line":76,"column":0},"end":{"line":76,"column":10}},"76":{"start":{"line":77,"column":0},"end":{"line":77,"column":0}},"77":{"start":{"line":78,"column":0},"end":{"line":78,"column":49}},"78":{"start":{"line":79,"column":0},"end":{"line":79,"column":0}},"79":{"start":{"line":80,"column":0},"end":{"line":80,"column":36}},"80":{"start":{"line":81,"column":0},"end":{"line":81,"column":0}},"81":{"start":{"line":82,"column":0},"end":{"line":82,"column":51}},"82":{"start":{"line":83,"column":0},"end":{"line":83,"column":24}},"83":{"start":{"line":84,"column":0},"end":{"line":84,"column":61}},"84":{"start":{"line":85,"column":0},"end":{"line":85,"column":0}},"85":{"start":{"line":86,"column":0},"end":{"line":86,"column":94}},"86":{"start":{"line":87,"column":0},"end":{"line":87,"column":0}},"87":{"start":{"line":88,"column":0},"end":{"line":88,"column":49}},"88":{"start":{"line":89,"column":0},"end":{"line":89,"column":42}},"89":{"start":{"line":90,"column":0},"end":{"line":90,"column":15}},"90":{"start":{"line":91,"column":0},"end":{"line":91,"column":5}},"91":{"start":{"line":92,"column":0},"end":{"line":92,"column":40}},"92":{"start":{"line":93,"column":0},"end":{"line":93,"column":15}},"93":{"start":{"line":94,"column":0},"end":{"line":94,"column":5}},"94":{"start":{"line":95,"column":0},"end":{"line":95,"column":14}},"95":{"start":{"line":96,"column":0},"end":{"line":96,"column":5}},"96":{"start":{"line":97,"column":0},"end":{"line":97,"column":0}},"97":{"start":{"line":98,"column":0},"end":{"line":98,"column":35}},"98":{"start":{"line":99,"column":0},"end":{"line":99,"column":0}},"99":{"start":{"line":100,"column":0},"end":{"line":100,"column":88}},"100":{"start":{"line":101,"column":0},"end":{"line":101,"column":28}},"101":{"start":{"line":102,"column":0},"end":{"line":102,"column":2}},"102":{"start":{"line":103,"column":0},"end":{"line":103,"column":0}},"103":{"start":{"line":104,"column":0},"end":{"line":104,"column":28}}},"s":{"0":1,"1":1,"2":1,"3":1,"4":1,"5":2,"6":2,"7":2,"8":2,"9":2,"10":2,"11":2,"12":2,"13":2,"14":2,"15":2,"16":2,"17":2,"18":2,"19":2,"20":2,"21":2,"22":2,"23":2,"24":2,"25":2,"26":2,"27":2,"28":2,"29":2,"30":2,"31":20,"32":2,"33":2,"34":18,"35":2,"36":2,"37":20,"38":2,"39":2,"40":18,"41":2,"42":2,"43":2,"44":2,"45":2,"46":2,"47":2,"48":2,"49":2,"50":2,"51":2,"52":2,"53":2,"54":4,"55":4,"56":4,"57":2,"58":2,"59":2,"60":2,"61":2,"62":2,"63":2,"64":2,"65":2,"66":2,"67":2,"68":2,"69":2,"70":2,"71":2,"72":2,"73":2,"74":2,"75":2,"76":2,"77":2,"78":2,"79":2,"80":2,"81":2,"82":2,"83":2,"84":2,"85":2,"86":2,"87":2,"88":22,"89":2,"90":2,"91":22,"92":10,"93":10,"94":10,"95":2,"96":2,"97":2,"98":2,"99":2,"100":2,"101":2,"102":1,"103":1},"branchMap":{"0":{"type":"branch","line":5,"loc":{"start":{"line":5,"column":21},"end":{"line":102,"column":2}},"locations":[{"start":{"line":5,"column":21},"end":{"line":102,"column":2}}]},"1":{"type":"branch","line":24,"loc":{"start":{"line":24,"column":39},"end":{"line":24,"column":94}},"locations":[{"start":{"line":24,"column":39},"end":{"line":24,"column":94}}]},"2":{"type":"branch","line":24,"loc":{"start":{"line":24,"column":60},"end":{"line":24,"column":93}},"locations":[{"start":{"line":24,"column":60},"end":{"line":24,"column":93}}]},"3":{"type":"branch","line":27,"loc":{"start":{"line":27,"column":33},"end":{"line":27,"column":82}},"locations":[{"start":{"line":27,"column":33},"end":{"line":27,"column":82}}]},"4":{"type":"branch","line":27,"loc":{"start":{"line":27,"column":55},"end":{"line":27,"column":74}},"locations":[{"start":{"line":27,"column":55},"end":{"line":27,"column":74}}]},"5":{"type":"branch","line":28,"loc":{"start":{"line":28,"column":33},"end":{"line":28,"column":82}},"locations":[{"start":{"line":28,"column":33},"end":{"line":28,"column":82}}]},"6":{"type":"branch","line":28,"loc":{"start":{"line":28,"column":55},"end":{"line":28,"column":74}},"locations":[{"start":{"line":28,"column":55},"end":{"line":28,"column":74}}]},"7":{"type":"branch","line":31,"loc":{"start":{"line":31,"column":33},"end":{"line":36,"column":4}},"locations":[{"start":{"line":31,"column":33},"end":{"line":36,"column":4}}]},"8":{"type":"branch","line":31,"loc":{"start":{"line":31,"column":54},"end":{"line":36,"column":3}},"locations":[{"start":{"line":31,"column":54},"end":{"line":36,"column":3}}]},"9":{"type":"branch","line":32,"loc":{"start":{"line":32,"column":29},"end":{"line":32,"column":54}},"locations":[{"start":{"line":32,"column":29},"end":{"line":32,"column":54}}]},"10":{"type":"branch","line":32,"loc":{"start":{"line":32,"column":56},"end":{"line":34,"column":5}},"locations":[{"start":{"line":32,"column":56},"end":{"line":34,"column":5}}]},"11":{"type":"branch","line":34,"loc":{"start":{"line":34,"column":4},"end":{"line":36,"column":3}},"locations":[{"start":{"line":34,"column":4},"end":{"line":36,"column":3}}]},"12":{"type":"branch","line":37,"loc":{"start":{"line":37,"column":33},"end":{"line":42,"column":4}},"locations":[{"start":{"line":37,"column":33},"end":{"line":42,"column":4}}]},"13":{"type":"branch","line":37,"loc":{"start":{"line":37,"column":54},"end":{"line":42,"column":3}},"locations":[{"start":{"line":37,"column":54},"end":{"line":42,"column":3}}]},"14":{"type":"branch","line":38,"loc":{"start":{"line":38,"column":29},"end":{"line":38,"column":54}},"locations":[{"start":{"line":38,"column":29},"end":{"line":38,"column":54}}]},"15":{"type":"branch","line":38,"loc":{"start":{"line":38,"column":56},"end":{"line":40,"column":5}},"locations":[{"start":{"line":38,"column":56},"end":{"line":40,"column":5}}]},"16":{"type":"branch","line":40,"loc":{"start":{"line":40,"column":4},"end":{"line":42,"column":3}},"locations":[{"start":{"line":40,"column":4},"end":{"line":42,"column":3}}]},"17":{"type":"branch","line":48,"loc":{"start":{"line":48,"column":25},"end":{"line":52,"column":3}},"locations":[{"start":{"line":48,"column":25},"end":{"line":52,"column":3}}]},"18":{"type":"branch","line":54,"loc":{"start":{"line":54,"column":19},"end":{"line":58,"column":3}},"locations":[{"start":{"line":54,"column":19},"end":{"line":58,"column":3}}]},"19":{"type":"branch","line":60,"loc":{"start":{"line":60,"column":19},"end":{"line":64,"column":3}},"locations":[{"start":{"line":60,"column":19},"end":{"line":64,"column":3}}]},"20":{"type":"branch","line":66,"loc":{"start":{"line":66,"column":19},"end":{"line":70,"column":3}},"locations":[{"start":{"line":66,"column":19},"end":{"line":70,"column":3}}]},"21":{"type":"branch","line":72,"loc":{"start":{"line":72,"column":19},"end":{"line":76,"column":3}},"locations":[{"start":{"line":72,"column":19},"end":{"line":76,"column":3}}]},"22":{"type":"branch","line":84,"loc":{"start":{"line":84,"column":12},"end":{"line":84,"column":59}},"locations":[{"start":{"line":84,"column":12},"end":{"line":84,"column":59}}]},"23":{"type":"branch","line":88,"loc":{"start":{"line":88,"column":38},"end":{"line":96,"column":3}},"locations":[{"start":{"line":88,"column":38},"end":{"line":96,"column":3}}]},"24":{"type":"branch","line":89,"loc":{"start":{"line":89,"column":41},"end":{"line":91,"column":5}},"locations":[{"start":{"line":89,"column":41},"end":{"line":91,"column":5}}]},"25":{"type":"branch","line":91,"loc":{"start":{"line":91,"column":4},"end":{"line":92,"column":39}},"locations":[{"start":{"line":91,"column":4},"end":{"line":92,"column":39}}]},"26":{"type":"branch","line":92,"loc":{"start":{"line":92,"column":39},"end":{"line":96,"column":3}},"locations":[{"start":{"line":92,"column":39},"end":{"line":96,"column":3}}]}},"b":{"0":[2],"1":[8],"2":[24],"3":[8],"4":[20],"5":[6],"6":[14],"7":[8],"8":[20],"9":[4],"10":[2],"11":[18],"12":[6],"13":[20],"14":[4],"15":[2],"16":[18],"17":[2],"18":[4],"19":[2],"20":[2],"21":[2],"22":[12],"23":[22],"24":[2],"25":[20],"26":[10]},"fnMap":{"0":{"name":"compareFiles","decl":{"start":{"line":5,"column":21},"end":{"line":102,"column":2}},"loc":{"start":{"line":5,"column":21},"end":{"line":102,"column":2}},"line":5}},"f":{"0":2}}
,"/home/irina/Documents/2 project/backend-project-46/bin/parser.js": {"path":"/home/irina/Documents/2 project/backend-project-46/bin/parser.js","all":false,"statementMap":{"0":{"start":{"line":1,"column":0},"end":{"line":1,"column":27}},"1":{"start":{"line":2,"column":0},"end":{"line":2,"column":0}},"2":{"start":{"line":3,"column":0},"end":{"line":3,"column":38}},"3":{"start":{"line":4,"column":0},"end":{"line":4,"column":19}},"4":{"start":{"line":5,"column":0},"end":{"line":5,"column":16}},"5":{"start":{"line":6,"column":0},"end":{"line":6,"column":34}},"6":{"start":{"line":7,"column":0},"end":{"line":7,"column":16}},"7":{"start":{"line":8,"column":0},"end":{"line":8,"column":33}},"8":{"start":{"line":9,"column":0},"end":{"line":9,"column":15}},"9":{"start":{"line":10,"column":0},"end":{"line":10,"column":33}},"10":{"start":{"line":11,"column":0},"end":{"line":11,"column":12}},"11":{"start":{"line":12,"column":0},"end":{"line":12,"column":74}},"12":{"start":{"line":13,"column":0},"end":{"line":13,"column":3}},"13":{"start":{"line":14,"column":0},"end":{"line":14,"column":2}},"14":{"start":{"line":15,"column":0},"end":{"line":15,"column":0}},"15":{"start":{"line":16,"column":0},"end":{"line":16,"column":22}}},"s":{"0":1,"1":1,"2":1,"3":4,"4":4,"5":2,"6":4,"7":0,"8":4,"9":2,"10":4,"11":0,"12":4,"13":4,"14":1,"15":1},"branchMap":{"0":{"type":"branch","line":3,"loc":{"start":{"line":3,"column":15},"end":{"line":14,"column":2}},"locations":[{"start":{"line":3,"column":15},"end":{"line":14,"column":2}}]},"1":{"type":"branch","line":5,"loc":{"start":{"line":5,"column":4},"end":{"line":6,"column":34}},"locations":[{"start":{"line":5,"column":4},"end":{"line":6,"column":34}}]},"2":{"type":"branch","line":7,"loc":{"start":{"line":7,"column":4},"end":{"line":8,"column":33}},"locations":[{"start":{"line":7,"column":4},"end":{"line":8,"column":33}}]},"3":{"type":"branch","line":9,"loc":{"start":{"line":9,"column":4},"end":{"line":10,"column":33}},"locations":[{"start":{"line":9,"column":4},"end":{"line":10,"column":33}}]},"4":{"type":"branch","line":11,"loc":{"start":{"line":11,"column":4},"end":{"line":12,"column":74}},"locations":[{"start":{"line":11,"column":4},"end":{"line":12,"column":74}}]}},"b":{"0":[4],"1":[2],"2":[0],"3":[2],"4":[0]},"fnMap":{"0":{"name":"parser","decl":{"start":{"line":3,"column":15},"end":{"line":14,"column":2}},"loc":{"start":{"line":3,"column":15},"end":{"line":14,"column":2}},"line":3}},"f":{"0":4}}
,"/home/irina/Documents/2 project/backend-project-46/bin/reverse.js": {"path":"/home/irina/Documents/2 project/backend-project-46/bin/reverse.js","all":false,"statementMap":{"0":{"start":{"line":1,"column":0},"end":{"line":1,"column":0}},"1":{"start":{"line":2,"column":0},"end":{"line":2,"column":0}},"2":{"start":{"line":3,"column":0},"end":{"line":3,"column":58}},"3":{"start":{"line":4,"column":0},"end":{"line":4,"column":28}},"4":{"start":{"line":5,"column":0},"end":{"line":5,"column":0}},"5":{"start":{"line":6,"column":0},"end":{"line":6,"column":23}}},"s":{"0":1,"1":1,"2":1,"3":1,"4":1,"5":1},"branchMap":{"0":{"type":"branch","line":3,"loc":{"start":{"line":3,"column":17},"end":{"line":3,"column":57}},"locations":[{"start":{"line":3,"column":17},"end":{"line":3,"column":57}}]}},"b":{"0":[2]},"fnMap":{"0":{"name":"reverse","decl":{"start":{"line":3,"column":17},"end":{"line":3,"column":57}},"loc":{"start":{"line":3,"column":17},"end":{"line":3,"column":57}},"line":3}},"f":{"0":2}}
,"/home/irina/Documents/2 project/backend-project-46/bin/sum.js": {"path":"/home/irina/Documents/2 project/backend-project-46/bin/sum.js","all":false,"statementMap":{"0":{"start":{"line":1,"column":0},"end":{"line":1,"column":0}},"1":{"start":{"line":2,"column":0},"end":{"line":2,"column":0}},"2":{"start":{"line":3,"column":0},"end":{"line":3,"column":28}},"3":{"start":{"line":4,"column":0},"end":{"line":4,"column":24}},"4":{"start":{"line":5,"column":0},"end":{"line":5,"column":0}},"5":{"start":{"line":6,"column":0},"end":{"line":6,"column":19}}},"s":{"0":1,"1":1,"2":1,"3":1,"4":1,"5":1},"branchMap":{"0":{"type":"branch","line":3,"loc":{"start":{"line":3,"column":12},"end":{"line":3,"column":27}},"locations":[{"start":{"line":3,"column":12},"end":{"line":3,"column":27}}]}},"b":{"0":[1]},"fnMap":{"0":{"name":"sum","decl":{"start":{"line":3,"column":12},"end":{"line":3,"column":27}},"loc":{"start":{"line":3,"column":12},"end":{"line":3,"column":27}},"line":3}},"f":{"0":1}}
}
