{"/home/irina/Documents/2 project/backend-project-46/bin/comparefilesdeep.js": {"path":"/home/irina/Documents/2 project/backend-project-46/bin/comparefilesdeep.js","all":false,"statementMap":{"0":{"start":{"line":1,"column":0},"end":{"line":1,"column":0}},"1":{"start":{"line":2,"column":0},"end":{"line":2,"column":23}},"2":{"start":{"line":3,"column":0},"end":{"line":3,"column":0}},"3":{"start":{"line":4,"column":0},"end":{"line":4,"column":65}},"4":{"start":{"line":5,"column":0},"end":{"line":5,"column":6}},"5":{"start":{"line":6,"column":0},"end":{"line":6,"column":11}},"6":{"start":{"line":7,"column":0},"end":{"line":7,"column":11}},"7":{"start":{"line":8,"column":0},"end":{"line":8,"column":7}},"8":{"start":{"line":9,"column":0},"end":{"line":9,"column":11}},"9":{"start":{"line":10,"column":0},"end":{"line":10,"column":3}},"10":{"start":{"line":11,"column":0},"end":{"line":11,"column":0}},"11":{"start":{"line":12,"column":0},"end":{"line":12,"column":44}},"12":{"start":{"line":13,"column":0},"end":{"line":13,"column":89}},"13":{"start":{"line":14,"column":0},"end":{"line":14,"column":23}},"14":{"start":{"line":15,"column":0},"end":{"line":15,"column":53}},"15":{"start":{"line":16,"column":0},"end":{"line":16,"column":85}},"16":{"start":{"line":17,"column":0},"end":{"line":17,"column":44}},"17":{"start":{"line":18,"column":0},"end":{"line":18,"column":44}},"18":{"start":{"line":19,"column":0},"end":{"line":19,"column":93}},"19":{"start":{"line":20,"column":0},"end":{"line":20,"column":97}},"20":{"start":{"line":21,"column":0},"end":{"line":21,"column":41}},"21":{"start":{"line":22,"column":0},"end":{"line":22,"column":5}},"22":{"start":{"line":23,"column":0},"end":{"line":23,"column":0}},"23":{"start":{"line":24,"column":0},"end":{"line":24,"column":52}},"24":{"start":{"line":25,"column":0},"end":{"line":25,"column":72}},"25":{"start":{"line":26,"column":0},"end":{"line":26,"column":68}},"26":{"start":{"line":27,"column":0},"end":{"line":27,"column":40}},"27":{"start":{"line":28,"column":0},"end":{"line":28,"column":5}},"28":{"start":{"line":29,"column":0},"end":{"line":29,"column":0}},"29":{"start":{"line":30,"column":0},"end":{"line":30,"column":96}},"30":{"start":{"line":31,"column":0},"end":{"line":31,"column":70}},"31":{"start":{"line":32,"column":0},"end":{"line":32,"column":65}},"32":{"start":{"line":33,"column":0},"end":{"line":33,"column":40}},"33":{"start":{"line":34,"column":0},"end":{"line":34,"column":5}},"34":{"start":{"line":35,"column":0},"end":{"line":35,"column":0}},"35":{"start":{"line":36,"column":0},"end":{"line":36,"column":62}},"36":{"start":{"line":37,"column":0},"end":{"line":37,"column":38}},"37":{"start":{"line":38,"column":0},"end":{"line":38,"column":0}},"38":{"start":{"line":39,"column":0},"end":{"line":39,"column":30}},"39":{"start":{"line":40,"column":0},"end":{"line":40,"column":70}},"40":{"start":{"line":41,"column":0},"end":{"line":41,"column":65}},"41":{"start":{"line":42,"column":0},"end":{"line":42,"column":40}},"42":{"start":{"line":43,"column":0},"end":{"line":43,"column":5}},"43":{"start":{"line":44,"column":0},"end":{"line":44,"column":0}},"44":{"start":{"line":45,"column":0},"end":{"line":45,"column":66}},"45":{"start":{"line":46,"column":0},"end":{"line":46,"column":5}},"46":{"start":{"line":47,"column":0},"end":{"line":47,"column":0}},"47":{"start":{"line":48,"column":0},"end":{"line":48,"column":16}},"48":{"start":{"line":49,"column":0},"end":{"line":49,"column":2}},"49":{"start":{"line":50,"column":0},"end":{"line":50,"column":0}},"50":{"start":{"line":51,"column":0},"end":{"line":51,"column":40}},"51":{"start":{"line":52,"column":0},"end":{"line":52,"column":21}},"52":{"start":{"line":53,"column":0},"end":{"line":53,"column":12}},"53":{"start":{"line":54,"column":0},"end":{"line":54,"column":17}},"54":{"start":{"line":55,"column":0},"end":{"line":55,"column":4}},"55":{"start":{"line":56,"column":0},"end":{"line":56,"column":54}},"56":{"start":{"line":57,"column":0},"end":{"line":57,"column":0}},"57":{"start":{"line":58,"column":0},"end":{"line":58,"column":19}},"58":{"start":{"line":59,"column":0},"end":{"line":59,"column":2}},"59":{"start":{"line":60,"column":0},"end":{"line":60,"column":0}},"60":{"start":{"line":61,"column":0},"end":{"line":61,"column":28}}},"s":{"0":1,"1":1,"2":1,"3":1,"4":54,"5":54,"6":54,"7":54,"8":54,"9":1,"10":1,"11":1,"12":15,"13":15,"14":15,"15":54,"16":12,"17":12,"18":12,"19":12,"20":12,"21":12,"22":42,"23":54,"24":9,"25":9,"26":9,"27":9,"28":33,"29":54,"30":12,"31":12,"32":12,"33":12,"34":21,"35":21,"36":21,"37":21,"38":54,"39":6,"40":6,"41":6,"42":6,"43":15,"44":15,"45":15,"46":15,"47":15,"48":15,"49":1,"50":1,"51":3,"52":3,"53":3,"54":3,"55":3,"56":3,"57":3,"58":3,"59":1,"60":1},"branchMap":{"0":{"type":"branch","line":4,"loc":{"start":{"line":4,"column":18},"end":{"line":10,"column":2}},"locations":[{"start":{"line":4,"column":18},"end":{"line":10,"column":2}}]},"1":{"type":"branch","line":12,"loc":{"start":{"line":12,"column":25},"end":{"line":49,"column":2}},"locations":[{"start":{"line":12,"column":25},"end":{"line":49,"column":2}}]},"2":{"type":"branch","line":15,"loc":{"start":{"line":15,"column":43},"end":{"line":46,"column":3}},"locations":[{"start":{"line":15,"column":43},"end":{"line":46,"column":3}}]},"3":{"type":"branch","line":16,"loc":{"start":{"line":16,"column":43},"end":{"line":16,"column":82}},"locations":[{"start":{"line":16,"column":43},"end":{"line":16,"column":82}}]},"4":{"type":"branch","line":16,"loc":{"start":{"line":16,"column":84},"end":{"line":22,"column":5}},"locations":[{"start":{"line":16,"column":84},"end":{"line":22,"column":5}}]},"5":{"type":"branch","line":22,"loc":{"start":{"line":22,"column":4},"end":{"line":24,"column":51}},"locations":[{"start":{"line":22,"column":4},"end":{"line":24,"column":51}}]},"6":{"type":"branch","line":24,"loc":{"start":{"line":24,"column":51},"end":{"line":28,"column":5}},"locations":[{"start":{"line":24,"column":51},"end":{"line":28,"column":5}}]},"7":{"type":"branch","line":28,"loc":{"start":{"line":28,"column":4},"end":{"line":30,"column":30}},"locations":[{"start":{"line":28,"column":4},"end":{"line":30,"column":30}}]},"8":{"type":"branch","line":30,"loc":{"start":{"line":30,"column":26},"end":{"line":30,"column":48}},"locations":[{"start":{"line":30,"column":26},"end":{"line":30,"column":48}}]},"9":{"type":"branch","line":30,"loc":{"start":{"line":30,"column":48},"end":{"line":30,"column":93}},"locations":[{"start":{"line":30,"column":48},"end":{"line":30,"column":93}}]},"10":{"type":"branch","line":30,"loc":{"start":{"line":30,"column":95},"end":{"line":34,"column":5}},"locations":[{"start":{"line":30,"column":95},"end":{"line":34,"column":5}}]},"11":{"type":"branch","line":34,"loc":{"start":{"line":34,"column":4},"end":{"line":39,"column":29}},"locations":[{"start":{"line":34,"column":4},"end":{"line":39,"column":29}}]},"12":{"type":"branch","line":39,"loc":{"start":{"line":39,"column":29},"end":{"line":43,"column":5}},"locations":[{"start":{"line":39,"column":29},"end":{"line":43,"column":5}}]},"13":{"type":"branch","line":43,"loc":{"start":{"line":43,"column":4},"end":{"line":46,"column":3}},"locations":[{"start":{"line":43,"column":4},"end":{"line":46,"column":3}}]},"14":{"type":"branch","line":51,"loc":{"start":{"line":51,"column":21},"end":{"line":59,"column":2}},"locations":[{"start":{"line":51,"column":21},"end":{"line":59,"column":2}}]}},"b":{"0":[54],"1":[15],"2":[54],"3":[18],"4":[12],"5":[42],"6":[9],"7":[33],"8":[18],"9":[12],"10":[12],"11":[21],"12":[6],"13":[15],"14":[3]},"fnMap":{"0":{"name":"makeNodes","decl":{"start":{"line":4,"column":18},"end":{"line":10,"column":2}},"loc":{"start":{"line":4,"column":18},"end":{"line":10,"column":2}},"line":4},"1":{"name":"compareFilesDeep","decl":{"start":{"line":12,"column":25},"end":{"line":49,"column":2}},"loc":{"start":{"line":12,"column":25},"end":{"line":49,"column":2}},"line":12},"2":{"name":"getRightTree","decl":{"start":{"line":51,"column":21},"end":{"line":59,"column":2}},"loc":{"start":{"line":51,"column":21},"end":{"line":59,"column":2}},"line":51}},"f":{"0":54,"1":15,"2":3}}
,"/home/irina/Documents/2 project/backend-project-46/bin/getparsedData.js": {"path":"/home/irina/Documents/2 project/backend-project-46/bin/getparsedData.js","all":false,"statementMap":{"0":{"start":{"line":1,"column":0},"end":{"line":1,"column":25}},"1":{"start":{"line":2,"column":0},"end":{"line":2,"column":33}},"2":{"start":{"line":3,"column":0},"end":{"line":3,"column":0}},"3":{"start":{"line":4,"column":0},"end":{"line":4,"column":38}},"4":{"start":{"line":5,"column":0},"end":{"line":5,"column":69}},"5":{"start":{"line":6,"column":0},"end":{"line":6,"column":42}},"6":{"start":{"line":7,"column":0},"end":{"line":7,"column":43}},"7":{"start":{"line":8,"column":0},"end":{"line":8,"column":0}},"8":{"start":{"line":9,"column":0},"end":{"line":9,"column":15}},"9":{"start":{"line":10,"column":0},"end":{"line":10,"column":2}},"10":{"start":{"line":11,"column":0},"end":{"line":11,"column":29}}},"s":{"0":1,"1":1,"2":1,"3":1,"4":6,"5":6,"6":6,"7":6,"8":6,"9":6,"10":1},"branchMap":{"0":{"type":"branch","line":4,"loc":{"start":{"line":4,"column":23},"end":{"line":10,"column":2}},"locations":[{"start":{"line":4,"column":23},"end":{"line":10,"column":2}}]}},"b":{"0":[6]},"fnMap":{"0":{"name":"getparsedData","decl":{"start":{"line":4,"column":23},"end":{"line":10,"column":2}},"loc":{"start":{"line":4,"column":23},"end":{"line":10,"column":2}},"line":4}},"f":{"0":6}}
,"/home/irina/Documents/2 project/backend-project-46/bin/json.js": {"path":"/home/irina/Documents/2 project/backend-project-46/bin/json.js","all":false,"statementMap":{"0":{"start":{"line":1,"column":0},"end":{"line":1,"column":0}},"1":{"start":{"line":2,"column":0},"end":{"line":2,"column":56}},"2":{"start":{"line":3,"column":0},"end":{"line":3,"column":0}},"3":{"start":{"line":4,"column":0},"end":{"line":4,"column":20}}},"s":{"0":1,"1":1,"2":1,"3":1},"branchMap":{"0":{"type":"branch","line":2,"loc":{"start":{"line":2,"column":14},"end":{"line":2,"column":55}},"locations":[{"start":{"line":2,"column":14},"end":{"line":2,"column":55}}]}},"b":{"0":[1]},"fnMap":{"0":{"name":"json","decl":{"start":{"line":2,"column":14},"end":{"line":2,"column":55}},"loc":{"start":{"line":2,"column":14},"end":{"line":2,"column":55}},"line":2}},"f":{"0":1}}
,"/home/irina/Documents/2 project/backend-project-46/bin/parser.js": {"path":"/home/irina/Documents/2 project/backend-project-46/bin/parser.js","all":false,"statementMap":{"0":{"start":{"line":1,"column":0},"end":{"line":1,"column":27}},"1":{"start":{"line":2,"column":0},"end":{"line":2,"column":0}},"2":{"start":{"line":3,"column":0},"end":{"line":3,"column":38}},"3":{"start":{"line":4,"column":0},"end":{"line":4,"column":19}},"4":{"start":{"line":5,"column":0},"end":{"line":5,"column":16}},"5":{"start":{"line":6,"column":0},"end":{"line":6,"column":34}},"6":{"start":{"line":7,"column":0},"end":{"line":7,"column":16}},"7":{"start":{"line":8,"column":0},"end":{"line":8,"column":33}},"8":{"start":{"line":9,"column":0},"end":{"line":9,"column":15}},"9":{"start":{"line":10,"column":0},"end":{"line":10,"column":33}},"10":{"start":{"line":11,"column":0},"end":{"line":11,"column":12}},"11":{"start":{"line":12,"column":0},"end":{"line":12,"column":74}},"12":{"start":{"line":13,"column":0},"end":{"line":13,"column":3}},"13":{"start":{"line":14,"column":0},"end":{"line":14,"column":2}},"14":{"start":{"line":15,"column":0},"end":{"line":15,"column":0}},"15":{"start":{"line":16,"column":0},"end":{"line":16,"column":22}}},"s":{"0":1,"1":1,"2":1,"3":6,"4":6,"5":0,"6":6,"7":0,"8":6,"9":6,"10":6,"11":0,"12":6,"13":6,"14":1,"15":1},"branchMap":{"0":{"type":"branch","line":3,"loc":{"start":{"line":3,"column":15},"end":{"line":14,"column":2}},"locations":[{"start":{"line":3,"column":15},"end":{"line":14,"column":2}}]},"1":{"type":"branch","line":5,"loc":{"start":{"line":5,"column":4},"end":{"line":6,"column":34}},"locations":[{"start":{"line":5,"column":4},"end":{"line":6,"column":34}}]},"2":{"type":"branch","line":7,"loc":{"start":{"line":7,"column":4},"end":{"line":8,"column":33}},"locations":[{"start":{"line":7,"column":4},"end":{"line":8,"column":33}}]},"3":{"type":"branch","line":11,"loc":{"start":{"line":11,"column":4},"end":{"line":12,"column":74}},"locations":[{"start":{"line":11,"column":4},"end":{"line":12,"column":74}}]}},"b":{"0":[6],"1":[0],"2":[0],"3":[0]},"fnMap":{"0":{"name":"parser","decl":{"start":{"line":3,"column":15},"end":{"line":14,"column":2}},"loc":{"start":{"line":3,"column":15},"end":{"line":14,"column":2}},"line":3}},"f":{"0":6}}
,"/home/irina/Documents/2 project/backend-project-46/bin/plain.js": {"path":"/home/irina/Documents/2 project/backend-project-46/bin/plain.js","all":false,"statementMap":{"0":{"start":{"line":1,"column":0},"end":{"line":1,"column":0}},"1":{"start":{"line":2,"column":0},"end":{"line":2,"column":0}},"2":{"start":{"line":3,"column":0},"end":{"line":3,"column":23}},"3":{"start":{"line":4,"column":0},"end":{"line":4,"column":0}},"4":{"start":{"line":5,"column":0},"end":{"line":5,"column":31}},"5":{"start":{"line":6,"column":0},"end":{"line":6,"column":26}},"6":{"start":{"line":7,"column":0},"end":{"line":7,"column":29}},"7":{"start":{"line":8,"column":0},"end":{"line":8,"column":3}},"8":{"start":{"line":9,"column":0},"end":{"line":9,"column":34}},"9":{"start":{"line":10,"column":0},"end":{"line":10,"column":24}},"10":{"start":{"line":11,"column":0},"end":{"line":11,"column":3}},"11":{"start":{"line":12,"column":0},"end":{"line":12,"column":15}},"12":{"start":{"line":13,"column":0},"end":{"line":13,"column":2}},"13":{"start":{"line":14,"column":0},"end":{"line":14,"column":0}},"14":{"start":{"line":15,"column":0},"end":{"line":15,"column":25}},"15":{"start":{"line":16,"column":0},"end":{"line":16,"column":48}},"16":{"start":{"line":17,"column":0},"end":{"line":17,"column":11}},"17":{"start":{"line":18,"column":0},"end":{"line":18,"column":46}},"18":{"start":{"line":19,"column":0},"end":{"line":19,"column":13}},"19":{"start":{"line":20,"column":0},"end":{"line":20,"column":46}},"20":{"start":{"line":21,"column":0},"end":{"line":21,"column":48}},"21":{"start":{"line":22,"column":0},"end":{"line":22,"column":48}},"22":{"start":{"line":23,"column":0},"end":{"line":23,"column":19}},"23":{"start":{"line":24,"column":0},"end":{"line":24,"column":18}},"24":{"start":{"line":25,"column":0},"end":{"line":25,"column":85}},"25":{"start":{"line":26,"column":0},"end":{"line":26,"column":20}},"26":{"start":{"line":27,"column":0},"end":{"line":27,"column":89}},"27":{"start":{"line":28,"column":0},"end":{"line":28,"column":19}},"28":{"start":{"line":29,"column":0},"end":{"line":29,"column":89}},"29":{"start":{"line":30,"column":0},"end":{"line":30,"column":21}},"30":{"start":{"line":31,"column":0},"end":{"line":31,"column":61}},"31":{"start":{"line":32,"column":0},"end":{"line":32,"column":21}},"32":{"start":{"line":33,"column":0},"end":{"line":33,"column":106}},"33":{"start":{"line":34,"column":0},"end":{"line":34,"column":14}},"34":{"start":{"line":35,"column":0},"end":{"line":35,"column":18}},"35":{"start":{"line":36,"column":0},"end":{"line":36,"column":5}},"36":{"start":{"line":37,"column":0},"end":{"line":37,"column":4}},"37":{"start":{"line":38,"column":0},"end":{"line":38,"column":18}},"38":{"start":{"line":39,"column":0},"end":{"line":39,"column":2}},"39":{"start":{"line":40,"column":0},"end":{"line":40,"column":0}},"40":{"start":{"line":41,"column":0},"end":{"line":41,"column":21}}},"s":{"0":1,"1":1,"2":1,"3":1,"4":1,"5":38,"6":4,"7":4,"8":38,"9":13,"10":13,"11":21,"12":21,"13":1,"14":1,"15":1,"16":19,"17":19,"18":19,"19":19,"20":19,"21":19,"22":19,"23":19,"24":1,"25":19,"26":4,"27":19,"28":5,"29":19,"30":2,"31":19,"32":4,"33":19,"34":3,"35":19,"36":1,"37":1,"38":1,"39":1,"40":1},"branchMap":{"0":{"type":"branch","line":5,"loc":{"start":{"line":5,"column":20},"end":{"line":13,"column":2}},"locations":[{"start":{"line":5,"column":20},"end":{"line":13,"column":2}}]},"1":{"type":"branch","line":6,"loc":{"start":{"line":6,"column":25},"end":{"line":8,"column":3}},"locations":[{"start":{"line":6,"column":25},"end":{"line":8,"column":3}}]},"2":{"type":"branch","line":8,"loc":{"start":{"line":8,"column":2},"end":{"line":9,"column":33}},"locations":[{"start":{"line":8,"column":2},"end":{"line":9,"column":33}}]},"3":{"type":"branch","line":9,"loc":{"start":{"line":9,"column":33},"end":{"line":11,"column":3}},"locations":[{"start":{"line":9,"column":33},"end":{"line":11,"column":3}}]},"4":{"type":"branch","line":11,"loc":{"start":{"line":11,"column":2},"end":{"line":13,"column":2}},"locations":[{"start":{"line":11,"column":2},"end":{"line":13,"column":2}}]},"5":{"type":"branch","line":15,"loc":{"start":{"line":15,"column":15},"end":{"line":39,"column":2}},"locations":[{"start":{"line":15,"column":15},"end":{"line":39,"column":2}}]},"6":{"type":"branch","line":16,"loc":{"start":{"line":16,"column":13},"end":{"line":37,"column":3}},"locations":[{"start":{"line":16,"column":13},"end":{"line":37,"column":3}}]},"7":{"type":"branch","line":24,"loc":{"start":{"line":24,"column":6},"end":{"line":25,"column":85}},"locations":[{"start":{"line":24,"column":6},"end":{"line":25,"column":85}}]},"8":{"type":"branch","line":26,"loc":{"start":{"line":26,"column":6},"end":{"line":27,"column":89}},"locations":[{"start":{"line":26,"column":6},"end":{"line":27,"column":89}}]},"9":{"type":"branch","line":28,"loc":{"start":{"line":28,"column":6},"end":{"line":29,"column":89}},"locations":[{"start":{"line":28,"column":6},"end":{"line":29,"column":89}}]},"10":{"type":"branch","line":30,"loc":{"start":{"line":30,"column":6},"end":{"line":31,"column":61}},"locations":[{"start":{"line":30,"column":6},"end":{"line":31,"column":61}}]},"11":{"type":"branch","line":32,"loc":{"start":{"line":32,"column":6},"end":{"line":33,"column":106}},"locations":[{"start":{"line":32,"column":6},"end":{"line":33,"column":106}}]},"12":{"type":"branch","line":34,"loc":{"start":{"line":34,"column":6},"end":{"line":35,"column":18}},"locations":[{"start":{"line":34,"column":6},"end":{"line":35,"column":18}}]},"13":{"type":"branch","line":25,"loc":{"start":{"line":25,"column":29},"end":{"line":25,"column":72}},"locations":[{"start":{"line":25,"column":29},"end":{"line":25,"column":72}}]},"14":{"type":"branch","line":27,"loc":{"start":{"line":27,"column":33},"end":{"line":27,"column":76}},"locations":[{"start":{"line":27,"column":33},"end":{"line":27,"column":76}}]}},"b":{"0":[38],"1":[4],"2":[34],"3":[13],"4":[21],"5":[1],"6":[19],"7":[1],"8":[4],"9":[5],"10":[2],"11":[4],"12":[3],"13":[4],"14":[14]},"fnMap":{"0":{"name":"makeString","decl":{"start":{"line":5,"column":20},"end":{"line":13,"column":2}},"loc":{"start":{"line":5,"column":20},"end":{"line":13,"column":2}},"line":5},"1":{"name":"plain","decl":{"start":{"line":15,"column":15},"end":{"line":39,"column":2}},"loc":{"start":{"line":15,"column":15},"end":{"line":39,"column":2}},"line":15},"2":{"name":"cb","decl":{"start":{"line":16,"column":13},"end":{"line":37,"column":3}},"loc":{"start":{"line":16,"column":13},"end":{"line":37,"column":3}},"line":16}},"f":{"0":38,"1":1,"2":19}}
,"/home/irina/Documents/2 project/backend-project-46/bin/stylish.js": {"path":"/home/irina/Documents/2 project/backend-project-46/bin/stylish.js","all":false,"statementMap":{"0":{"start":{"line":1,"column":0},"end":{"line":1,"column":0}},"1":{"start":{"line":2,"column":0},"end":{"line":2,"column":23}},"2":{"start":{"line":3,"column":0},"end":{"line":3,"column":0}},"3":{"start":{"line":4,"column":0},"end":{"line":4,"column":22}},"4":{"start":{"line":5,"column":0},"end":{"line":5,"column":27}},"5":{"start":{"line":6,"column":0},"end":{"line":6,"column":0}},"6":{"start":{"line":7,"column":0},"end":{"line":7,"column":71}},"7":{"start":{"line":8,"column":0},"end":{"line":8,"column":27}},"8":{"start":{"line":9,"column":0},"end":{"line":9,"column":25}},"9":{"start":{"line":10,"column":0},"end":{"line":10,"column":3}},"10":{"start":{"line":11,"column":0},"end":{"line":11,"column":55}},"11":{"start":{"line":12,"column":0},"end":{"line":12,"column":49}},"12":{"start":{"line":13,"column":0},"end":{"line":13,"column":48}},"13":{"start":{"line":14,"column":0},"end":{"line":14,"column":44}},"14":{"start":{"line":15,"column":0},"end":{"line":15,"column":57}},"15":{"start":{"line":16,"column":0},"end":{"line":16,"column":55}},"16":{"start":{"line":17,"column":0},"end":{"line":17,"column":14}},"17":{"start":{"line":18,"column":0},"end":{"line":18,"column":23}},"18":{"start":{"line":19,"column":0},"end":{"line":19,"column":35}},"19":{"start":{"line":20,"column":0},"end":{"line":20,"column":44}},"20":{"start":{"line":21,"column":0},"end":{"line":21,"column":26}},"21":{"start":{"line":22,"column":0},"end":{"line":22,"column":14}},"22":{"start":{"line":23,"column":0},"end":{"line":23,"column":4}},"23":{"start":{"line":24,"column":0},"end":{"line":24,"column":93}},"24":{"start":{"line":25,"column":0},"end":{"line":25,"column":2}},"25":{"start":{"line":26,"column":0},"end":{"line":26,"column":0}},"26":{"start":{"line":27,"column":0},"end":{"line":27,"column":35}},"27":{"start":{"line":28,"column":0},"end":{"line":28,"column":31}},"28":{"start":{"line":29,"column":0},"end":{"line":29,"column":91}},"29":{"start":{"line":30,"column":0},"end":{"line":30,"column":3}},"30":{"start":{"line":31,"column":0},"end":{"line":31,"column":12}},"31":{"start":{"line":32,"column":0},"end":{"line":32,"column":2}},"32":{"start":{"line":33,"column":0},"end":{"line":33,"column":0}},"33":{"start":{"line":34,"column":0},"end":{"line":34,"column":29}},"34":{"start":{"line":35,"column":0},"end":{"line":35,"column":59}},"35":{"start":{"line":36,"column":0},"end":{"line":36,"column":11}},"36":{"start":{"line":37,"column":0},"end":{"line":37,"column":46}},"37":{"start":{"line":38,"column":0},"end":{"line":38,"column":20}},"38":{"start":{"line":39,"column":0},"end":{"line":39,"column":93}},"39":{"start":{"line":40,"column":0},"end":{"line":40,"column":93}},"40":{"start":{"line":41,"column":0},"end":{"line":41,"column":0}},"41":{"start":{"line":42,"column":0},"end":{"line":42,"column":26}},"42":{"start":{"line":43,"column":0},"end":{"line":43,"column":38}},"43":{"start":{"line":44,"column":0},"end":{"line":44,"column":72}},"44":{"start":{"line":45,"column":0},"end":{"line":45,"column":83}},"45":{"start":{"line":46,"column":0},"end":{"line":46,"column":5}},"46":{"start":{"line":47,"column":0},"end":{"line":47,"column":28}},"47":{"start":{"line":48,"column":0},"end":{"line":48,"column":35}},"48":{"start":{"line":49,"column":0},"end":{"line":49,"column":72}},"49":{"start":{"line":50,"column":0},"end":{"line":50,"column":73}},"50":{"start":{"line":51,"column":0},"end":{"line":51,"column":5}},"51":{"start":{"line":52,"column":0},"end":{"line":52,"column":0}},"52":{"start":{"line":53,"column":0},"end":{"line":53,"column":29}},"53":{"start":{"line":54,"column":0},"end":{"line":54,"column":38}},"54":{"start":{"line":55,"column":0},"end":{"line":55,"column":53}},"55":{"start":{"line":56,"column":0},"end":{"line":56,"column":50}},"56":{"start":{"line":57,"column":0},"end":{"line":57,"column":53}},"57":{"start":{"line":58,"column":0},"end":{"line":58,"column":37}},"58":{"start":{"line":59,"column":0},"end":{"line":59,"column":5}},"59":{"start":{"line":60,"column":0},"end":{"line":60,"column":0}},"60":{"start":{"line":61,"column":0},"end":{"line":61,"column":27}},"61":{"start":{"line":62,"column":0},"end":{"line":62,"column":38}},"62":{"start":{"line":63,"column":0},"end":{"line":63,"column":53}},"63":{"start":{"line":64,"column":0},"end":{"line":64,"column":37}},"64":{"start":{"line":65,"column":0},"end":{"line":65,"column":5}},"65":{"start":{"line":66,"column":0},"end":{"line":66,"column":0}},"66":{"start":{"line":67,"column":0},"end":{"line":67,"column":29}},"67":{"start":{"line":68,"column":0},"end":{"line":68,"column":38}},"68":{"start":{"line":69,"column":0},"end":{"line":69,"column":53}},"69":{"start":{"line":70,"column":0},"end":{"line":70,"column":37}},"70":{"start":{"line":71,"column":0},"end":{"line":71,"column":5}},"71":{"start":{"line":72,"column":0},"end":{"line":72,"column":0}},"72":{"start":{"line":73,"column":0},"end":{"line":73,"column":36}},"73":{"start":{"line":74,"column":0},"end":{"line":74,"column":51}},"74":{"start":{"line":75,"column":0},"end":{"line":75,"column":40}},"75":{"start":{"line":76,"column":0},"end":{"line":76,"column":4}},"76":{"start":{"line":77,"column":0},"end":{"line":77,"column":0}},"77":{"start":{"line":78,"column":0},"end":{"line":78,"column":20}},"78":{"start":{"line":79,"column":0},"end":{"line":79,"column":2}},"79":{"start":{"line":80,"column":0},"end":{"line":80,"column":0}},"80":{"start":{"line":81,"column":0},"end":{"line":81,"column":25}}},"s":{"0":1,"1":1,"2":1,"3":1,"4":1,"5":1,"6":1,"7":38,"8":34,"9":34,"10":4,"11":7,"12":7,"13":9,"14":6,"15":3,"16":3,"17":3,"18":3,"19":9,"20":9,"21":7,"22":4,"23":4,"24":4,"25":1,"26":1,"27":18,"28":4,"29":4,"30":14,"31":14,"32":1,"33":1,"34":1,"35":19,"36":19,"37":19,"38":19,"39":19,"40":19,"41":19,"42":1,"43":1,"44":1,"45":1,"46":19,"47":4,"48":4,"49":4,"50":4,"51":14,"52":19,"53":4,"54":4,"55":4,"56":4,"57":4,"58":4,"59":10,"60":19,"61":5,"62":5,"63":5,"64":5,"65":5,"66":19,"67":2,"68":2,"69":2,"70":2,"71":3,"72":3,"73":3,"74":3,"75":1,"76":1,"77":1,"78":1,"79":1,"80":1},"branchMap":{"0":{"type":"branch","line":7,"loc":{"start":{"line":7,"column":27},"end":{"line":25,"column":2}},"locations":[{"start":{"line":7,"column":27},"end":{"line":25,"column":2}}]},"1":{"type":"branch","line":8,"loc":{"start":{"line":8,"column":26},"end":{"line":10,"column":3}},"locations":[{"start":{"line":8,"column":26},"end":{"line":10,"column":3}}]},"2":{"type":"branch","line":10,"loc":{"start":{"line":10,"column":2},"end":{"line":25,"column":2}},"locations":[{"start":{"line":10,"column":2},"end":{"line":25,"column":2}}]},"3":{"type":"branch","line":11,"loc":{"start":{"line":11,"column":15},"end":{"line":23,"column":3}},"locations":[{"start":{"line":11,"column":15},"end":{"line":23,"column":3}}]},"4":{"type":"branch","line":13,"loc":{"start":{"line":13,"column":26},"end":{"line":22,"column":5}},"locations":[{"start":{"line":13,"column":26},"end":{"line":22,"column":5}}]},"5":{"type":"branch","line":15,"loc":{"start":{"line":15,"column":-1},"end":{"line":15,"column":57}},"locations":[{"start":{"line":15,"column":-1},"end":{"line":15,"column":57}}]},"6":{"type":"branch","line":16,"loc":{"start":{"line":16,"column":-1},"end":{"line":20,"column":43}},"locations":[{"start":{"line":16,"column":-1},"end":{"line":20,"column":43}}]},"7":{"type":"branch","line":27,"loc":{"start":{"line":27,"column":17},"end":{"line":32,"column":2}},"locations":[{"start":{"line":27,"column":17},"end":{"line":32,"column":2}}]},"8":{"type":"branch","line":28,"loc":{"start":{"line":28,"column":30},"end":{"line":30,"column":3}},"locations":[{"start":{"line":28,"column":30},"end":{"line":30,"column":3}}]},"9":{"type":"branch","line":30,"loc":{"start":{"line":30,"column":2},"end":{"line":32,"column":2}},"locations":[{"start":{"line":30,"column":2},"end":{"line":32,"column":2}}]},"10":{"type":"branch","line":34,"loc":{"start":{"line":34,"column":19},"end":{"line":79,"column":2}},"locations":[{"start":{"line":34,"column":19},"end":{"line":79,"column":2}}]},"11":{"type":"branch","line":35,"loc":{"start":{"line":35,"column":15},"end":{"line":76,"column":3}},"locations":[{"start":{"line":35,"column":15},"end":{"line":76,"column":3}}]},"12":{"type":"branch","line":42,"loc":{"start":{"line":42,"column":25},"end":{"line":46,"column":5}},"locations":[{"start":{"line":42,"column":25},"end":{"line":46,"column":5}}]},"13":{"type":"branch","line":46,"loc":{"start":{"line":46,"column":4},"end":{"line":47,"column":27}},"locations":[{"start":{"line":46,"column":4},"end":{"line":47,"column":27}}]},"14":{"type":"branch","line":47,"loc":{"start":{"line":47,"column":27},"end":{"line":51,"column":5}},"locations":[{"start":{"line":47,"column":27},"end":{"line":51,"column":5}}]},"15":{"type":"branch","line":51,"loc":{"start":{"line":51,"column":4},"end":{"line":53,"column":28}},"locations":[{"start":{"line":51,"column":4},"end":{"line":53,"column":28}}]},"16":{"type":"branch","line":53,"loc":{"start":{"line":53,"column":28},"end":{"line":59,"column":5}},"locations":[{"start":{"line":53,"column":28},"end":{"line":59,"column":5}}]},"17":{"type":"branch","line":59,"loc":{"start":{"line":59,"column":4},"end":{"line":61,"column":26}},"locations":[{"start":{"line":59,"column":4},"end":{"line":61,"column":26}}]},"18":{"type":"branch","line":61,"loc":{"start":{"line":61,"column":26},"end":{"line":67,"column":28}},"locations":[{"start":{"line":61,"column":26},"end":{"line":67,"column":28}}]},"19":{"type":"branch","line":67,"loc":{"start":{"line":67,"column":28},"end":{"line":71,"column":5}},"locations":[{"start":{"line":67,"column":28},"end":{"line":71,"column":5}}]},"20":{"type":"branch","line":71,"loc":{"start":{"line":71,"column":4},"end":{"line":76,"column":3}},"locations":[{"start":{"line":71,"column":4},"end":{"line":76,"column":3}}]},"21":{"type":"branch","line":44,"loc":{"start":{"line":44,"column":14},"end":{"line":44,"column":71}},"locations":[{"start":{"line":44,"column":14},"end":{"line":44,"column":71}}]},"22":{"type":"branch","line":49,"loc":{"start":{"line":49,"column":14},"end":{"line":49,"column":71}},"locations":[{"start":{"line":49,"column":14},"end":{"line":49,"column":71}}]}},"b":{"0":[38],"1":[34],"2":[4],"3":[7],"4":[9],"5":[6],"6":[3],"7":[18],"8":[4],"9":[14],"10":[1],"11":[19],"12":[1],"13":[18],"14":[4],"15":[14],"16":[4],"17":[10],"18":[5],"19":[2],"20":[3],"21":[4],"22":[14]},"fnMap":{"0":{"name":"makeSpaceForValues","decl":{"start":{"line":7,"column":27},"end":{"line":25,"column":2}},"loc":{"start":{"line":7,"column":27},"end":{"line":25,"column":2}},"line":7},"1":{"name":"iter","decl":{"start":{"line":11,"column":15},"end":{"line":23,"column":3}},"loc":{"start":{"line":11,"column":15},"end":{"line":23,"column":3}},"line":11},"2":{"name":"makeLine","decl":{"start":{"line":27,"column":17},"end":{"line":32,"column":2}},"loc":{"start":{"line":27,"column":17},"end":{"line":32,"column":2}},"line":27},"3":{"name":"formatter","decl":{"start":{"line":34,"column":19},"end":{"line":79,"column":2}},"loc":{"start":{"line":34,"column":19},"end":{"line":79,"column":2}},"line":34},"4":{"name":"iter","decl":{"start":{"line":35,"column":15},"end":{"line":76,"column":3}},"loc":{"start":{"line":35,"column":15},"end":{"line":76,"column":3}},"line":35}},"f":{"0":38,"1":7,"2":18,"3":1,"4":19}}
,"/home/irina/Documents/2 project/backend-project-46/bin/wrapperforcommander.js": {"path":"/home/irina/Documents/2 project/backend-project-46/bin/wrapperforcommander.js","all":false,"statementMap":{"0":{"start":{"line":1,"column":0},"end":{"line":1,"column":0}},"1":{"start":{"line":2,"column":0},"end":{"line":2,"column":35}},"2":{"start":{"line":3,"column":0},"end":{"line":3,"column":31}},"3":{"start":{"line":4,"column":0},"end":{"line":4,"column":29}},"4":{"start":{"line":5,"column":0},"end":{"line":5,"column":49}},"5":{"start":{"line":6,"column":0},"end":{"line":6,"column":47}},"6":{"start":{"line":7,"column":0},"end":{"line":7,"column":0}},"7":{"start":{"line":8,"column":0},"end":{"line":8,"column":69}},"8":{"start":{"line":9,"column":0},"end":{"line":9,"column":41}},"9":{"start":{"line":10,"column":0},"end":{"line":10,"column":41}},"10":{"start":{"line":11,"column":0},"end":{"line":11,"column":0}},"11":{"start":{"line":12,"column":0},"end":{"line":12,"column":35}},"12":{"start":{"line":13,"column":0},"end":{"line":13,"column":47}},"13":{"start":{"line":14,"column":0},"end":{"line":14,"column":3}},"14":{"start":{"line":15,"column":0},"end":{"line":15,"column":33}},"15":{"start":{"line":16,"column":0},"end":{"line":16,"column":45}},"16":{"start":{"line":17,"column":0},"end":{"line":17,"column":3}},"17":{"start":{"line":18,"column":0},"end":{"line":18,"column":32}},"18":{"start":{"line":19,"column":0},"end":{"line":19,"column":44}},"19":{"start":{"line":20,"column":0},"end":{"line":20,"column":3}},"20":{"start":{"line":21,"column":0},"end":{"line":21,"column":22}},"21":{"start":{"line":22,"column":0},"end":{"line":22,"column":2}},"22":{"start":{"line":23,"column":0},"end":{"line":23,"column":67}},"23":{"start":{"line":24,"column":0},"end":{"line":24,"column":35}}},"s":{"0":1,"1":1,"2":1,"3":1,"4":1,"5":1,"6":1,"7":1,"8":3,"9":3,"10":3,"11":3,"12":1,"13":1,"14":3,"15":1,"16":1,"17":1,"18":1,"19":1,"20":0,"21":0,"22":1,"23":1},"branchMap":{"0":{"type":"branch","line":8,"loc":{"start":{"line":8,"column":28},"end":{"line":22,"column":2}},"locations":[{"start":{"line":8,"column":28},"end":{"line":22,"column":2}}]},"1":{"type":"branch","line":12,"loc":{"start":{"line":12,"column":34},"end":{"line":14,"column":3}},"locations":[{"start":{"line":12,"column":34},"end":{"line":14,"column":3}}]},"2":{"type":"branch","line":14,"loc":{"start":{"line":14,"column":2},"end":{"line":15,"column":32}},"locations":[{"start":{"line":14,"column":2},"end":{"line":15,"column":32}}]},"3":{"type":"branch","line":15,"loc":{"start":{"line":15,"column":32},"end":{"line":20,"column":3}},"locations":[{"start":{"line":15,"column":32},"end":{"line":20,"column":3}}]},"4":{"type":"branch","line":20,"loc":{"start":{"line":20,"column":2},"end":{"line":22,"column":2}},"locations":[{"start":{"line":20,"column":2},"end":{"line":22,"column":2}}]}},"b":{"0":[3],"1":[1],"2":[2],"3":[1],"4":[0]},"fnMap":{"0":{"name":"wrapperforcommander","decl":{"start":{"line":8,"column":28},"end":{"line":22,"column":2}},"loc":{"start":{"line":8,"column":28},"end":{"line":22,"column":2}},"line":8}},"f":{"0":3}}
}
