TN:
SF:bin/comparefiles.js
FN:5,compareFiles
FNF:1
FNH:1
FNDA:2,compareFiles
DA:1,1
DA:2,1
DA:3,1
DA:4,1
DA:5,1
DA:6,2
DA:7,2
DA:8,2
DA:9,2
DA:10,2
DA:11,2
DA:12,2
DA:13,2
DA:14,2
DA:15,2
DA:16,2
DA:17,2
DA:18,2
DA:19,2
DA:20,2
DA:21,2
DA:22,2
DA:23,2
DA:24,2
DA:25,2
DA:26,2
DA:27,2
DA:28,2
DA:29,2
DA:30,2
DA:31,2
DA:32,20
DA:33,2
DA:34,2
DA:35,18
DA:36,2
DA:37,2
DA:38,20
DA:39,2
DA:40,2
DA:41,18
DA:42,2
DA:43,2
DA:44,2
DA:45,2
DA:46,2
DA:47,2
DA:48,2
DA:49,2
DA:50,2
DA:51,2
DA:52,2
DA:53,2
DA:54,2
DA:55,4
DA:56,4
DA:57,4
DA:58,2
DA:59,2
DA:60,2
DA:61,2
DA:62,2
DA:63,2
DA:64,2
DA:65,2
DA:66,2
DA:67,2
DA:68,2
DA:69,2
DA:70,2
DA:71,2
DA:72,2
DA:73,2
DA:74,2
DA:75,2
DA:76,2
DA:77,2
DA:78,2
DA:79,2
DA:80,2
DA:81,2
DA:82,2
DA:83,2
DA:84,2
DA:85,2
DA:86,2
DA:87,2
DA:88,2
DA:89,22
DA:90,2
DA:91,2
DA:92,22
DA:93,10
DA:94,10
DA:95,10
DA:96,2
DA:97,2
DA:98,2
DA:99,2
DA:100,2
DA:101,2
DA:102,2
DA:103,2
DA:104,1
DA:105,1
LF:105
LH:105
BRDA:5,0,0,2
BRDA:24,1,0,8
BRDA:24,2,0,24
BRDA:27,3,0,8
BRDA:27,4,0,20
BRDA:28,5,0,6
BRDA:28,6,0,14
BRDA:31,7,0,8
BRDA:31,8,0,20
BRDA:32,9,0,4
BRDA:32,10,0,2
BRDA:34,11,0,18
BRDA:37,12,0,6
BRDA:37,13,0,20
BRDA:38,14,0,4
BRDA:38,15,0,2
BRDA:40,16,0,18
BRDA:48,17,0,2
BRDA:54,18,0,4
BRDA:60,19,0,2
BRDA:66,20,0,2
BRDA:72,21,0,2
BRDA:84,22,0,12
BRDA:88,23,0,22
BRDA:89,24,0,2
BRDA:91,25,0,20
BRDA:92,26,0,10
BRF:27
BRH:27
end_of_record
TN:
SF:bin/parser.js
FN:3,parser
FNF:1
FNH:1
FNDA:4,parser
DA:1,1
DA:2,1
DA:3,1
DA:4,4
DA:5,4
DA:6,2
DA:7,4
DA:8,0
DA:9,4
DA:10,2
DA:11,4
DA:12,0
DA:13,4
DA:14,4
DA:15,1
DA:16,1
LF:16
LH:14
BRDA:3,0,0,4
BRDA:5,1,0,2
BRDA:7,2,0,0
BRDA:9,3,0,2
BRDA:11,4,0,0
BRF:5
BRH:3
end_of_record
TN:
SF:bin/reverse.js
FN:3,reverse
FNF:1
FNH:1
FNDA:2,reverse
DA:1,1
DA:2,1
DA:3,1
DA:4,1
DA:5,1
DA:6,1
LF:6
LH:6
BRDA:3,0,0,2
BRF:1
BRH:1
end_of_record
TN:
SF:bin/sum.js
FN:3,sum
FNF:1
FNH:1
FNDA:1,sum
DA:1,1
DA:2,1
DA:3,1
DA:4,1
DA:5,1
DA:6,1
LF:6
LH:6
BRDA:3,0,0,1
BRF:1
BRH:1
end_of_record
