TN:
SF:bin/comparefiles.js
FN:5,(anonymous_0)
FN:24,(anonymous_1)
FN:24,(anonymous_2)
FN:27,(anonymous_3)
FN:27,(anonymous_4)
FN:28,(anonymous_5)
FN:28,(anonymous_6)
FN:31,(anonymous_7)
FN:31,(anonymous_8)
FN:37,(anonymous_9)
FN:37,(anonymous_10)
FN:48,(anonymous_11)
FN:54,(anonymous_12)
FN:60,(anonymous_13)
FN:66,(anonymous_14)
FN:72,(anonymous_15)
FN:84,(anonymous_16)
FN:88,(anonymous_17)
FNF:18
FNH:18
FNDA:2,(anonymous_0)
FNDA:8,(anonymous_1)
FNDA:24,(anonymous_2)
FNDA:8,(anonymous_3)
FNDA:20,(anonymous_4)
FNDA:6,(anonymous_5)
FNDA:14,(anonymous_6)
FNDA:8,(anonymous_7)
FNDA:20,(anonymous_8)
FNDA:6,(anonymous_9)
FNDA:20,(anonymous_10)
FNDA:2,(anonymous_11)
FNDA:4,(anonymous_12)
FNDA:2,(anonymous_13)
FNDA:2,(anonymous_14)
FNDA:2,(anonymous_15)
FNDA:12,(anonymous_16)
FNDA:22,(anonymous_17)
DA:5,1
DA:6,2
DA:7,2
DA:9,2
DA:10,2
DA:14,2
DA:15,2
DA:16,2
DA:19,2
DA:20,2
DA:24,24
DA:27,20
DA:28,14
DA:31,8
DA:32,20
DA:33,2
DA:35,18
DA:37,6
DA:38,20
DA:39,2
DA:41,18
DA:46,2
DA:48,2
DA:49,2
DA:50,2
DA:51,2
DA:54,2
DA:55,4
DA:56,4
DA:57,4
DA:60,2
DA:61,2
DA:62,2
DA:63,2
DA:66,2
DA:67,2
DA:68,2
DA:69,2
DA:72,2
DA:73,2
DA:74,2
DA:75,2
DA:80,2
DA:83,2
DA:84,12
DA:88,2
DA:89,22
DA:90,2
DA:92,20
DA:93,10
DA:95,10
DA:100,2
DA:101,2
DA:102,2
LF:54
LH:54
BRDA:14,0,0,2
BRDA:14,0,1,0
BRDA:32,1,0,2
BRDA:32,1,1,18
BRDA:32,2,0,20
BRDA:32,2,1,4
BRDA:38,3,0,2
BRDA:38,3,1,18
BRDA:38,4,0,20
BRDA:38,4,1,4
BRDA:89,5,0,2
BRDA:89,5,1,20
BRDA:92,6,0,10
BRDA:92,6,1,10
BRF:14
BRH:13
end_of_record
TN:
SF:bin/parser.js
FN:3,(anonymous_0)
FNF:1
FNH:1
FNDA:4,(anonymous_0)
DA:3,1
DA:4,4
DA:6,2
DA:8,0
DA:10,2
DA:12,0
LF:6
LH:4
BRDA:4,0,0,2
BRDA:4,0,1,0
BRDA:4,0,2,2
BRDA:4,0,3,0
BRF:4
BRH:2
end_of_record
TN:
SF:bin/reverse.js
FN:3,(anonymous_0)
FNF:1
FNH:1
FNDA:2,(anonymous_0)
DA:3,2
LF:1
LH:1
BRF:0
BRH:0
end_of_record
TN:
SF:bin/sum.js
FN:3,(anonymous_0)
FNF:1
FNH:1
FNDA:1,(anonymous_0)
DA:3,1
LF:1
LH:1
BRF:0
BRH:0
end_of_record
